<?xml version="1.0" encoding="UTF-8"?>
<!-- Generated by org.testng.reporters.JUnitReportReporter -->
<testsuite hostname="LAPTOP-G457OLQ6" failures="0" tests="1" name="testclasses.CreateQuoteTest" time="34.915" errors="0" timestamp="2025-08-02T12:59:49 IST" skipped="0">
  <testcase classname="testclasses.CreateQuoteTest" name="testQuoteCreation" time="34.915"/>
</testsuite> <!-- testclasses.CreateQuoteTest -->
